# JRE version: OpenJDK Runtime Environment (8.0_242-b01) (build 1.8.0_242-release-1644-b01)
# Java VM: OpenJDK 64-Bit Server VM (25.242-b01 mixed mode windows-amd64 compressed oops)
Heap:
 PSYoungGen      total 632832K, used 523937K [0x00000000d5580000, 0x00000000ff580000, 0x0000000100000000)
  eden space 583168K, 83% used [0x00000000d5580000,0x00000000f32a45b8,0x00000000f8f00000)
  from space 49664K, 71% used [0x00000000fc200000,0x00000000fe483e80,0x00000000ff280000)
  to   space 52224K, 0% used [0x00000000f8f00000,0x00000000f8f00000,0x00000000fc200000)
 ParOldGen       total 141824K, used 95273K [0x0000000080000000, 0x0000000088a80000, 0x00000000d5580000)
  object space 141824K, 67% used [0x0000000080000000,0x0000000085d0a658,0x0000000088a80000)
 Metaspace       used 79301K, capacity 84098K, committed 84376K, reserved 1122304K
  class space    used 10913K, capacity 11854K, committed 11952K, reserved 1048576K
GC Heap History (10 events):
Event: 39.488 GC heap before
{Heap before GC invocations=19 (full 3):
 PSYoungGen      total 365568K, used 356188K [0x00000000d5580000, 0x00000000f3200000, 0x0000000100000000)
  eden space 335360K, 100% used [0x00000000d5580000,0x00000000e9d00000,0x00000000e9d00000)
  from space 30208K, 68% used [0x00000000e9d00000,0x00000000eb157150,0x00000000eba80000)
  to   space 31232K, 0% used [0x00000000f1380000,0x00000000f1380000,0x00000000f3200000)
 ParOldGen       total 141824K, used 59711K [0x0000000080000000, 0x0000000088a80000, 0x00000000d5580000)
  object space 141824K, 42% used [0x0000000080000000,0x0000000083a4fe68,0x0000000088a80000)
 Metaspace       used 78870K, capacity 83620K, committed 83864K, reserved 1122304K
  class space    used 10895K, capacity 11831K, committed 11952K, reserved 1048576K
Event: 39.692 GC heap after
Heap after GC invocations=19 (full 3):
 PSYoungGen      total 451072K, used 31231K [0x00000000d5580000, 0x00000000f5000000, 0x0000000100000000)
  eden space 419840K, 0% used [0x00000000d5580000,0x00000000d5580000,0x00000000eef80000)
  from space 31232K, 99% used [0x00000000f1380000,0x00000000f31fffe8,0x00000000f3200000)
  to   space 36864K, 0% used [0x00000000eef80000,0x00000000eef80000,0x00000000f1380000)
 ParOldGen       total 141824K, used 61284K [0x0000000080000000, 0x0000000088a80000, 0x00000000d5580000)
  object space 141824K, 43% used [0x0000000080000000,0x0000000083bd9320,0x0000000088a80000)
 Metaspace       used 78870K, capacity 83620K, committed 83864K, reserved 1122304K
  class space    used 10895K, capacity 11831K, committed 11952K, reserved 1048576K
}
Event: 45.774 GC heap before
{Heap before GC invocations=20 (full 3):
 PSYoungGen      total 451072K, used 451071K [0x00000000d5580000, 0x00000000f5000000, 0x0000000100000000)
  eden space 419840K, 100% used [0x00000000d5580000,0x00000000eef80000,0x00000000eef80000)
  from space 31232K, 99% used [0x00000000f1380000,0x00000000f31fffe8,0x00000000f3200000)
  to   space 36864K, 0% used [0x00000000eef80000,0x00000000eef80000,0x00000000f1380000)
 ParOldGen       total 141824K, used 61284K [0x0000000080000000, 0x0000000088a80000, 0x00000000d5580000)
  object space 141824K, 43% used [0x0000000080000000,0x0000000083bd9320,0x0000000088a80000)
 Metaspace       used 79059K, capacity 83820K, committed 84120K, reserved 1122304K
  class space    used 10895K, capacity 11831K, committed 11952K, reserved 1048576K
Event: 45.808 GC heap after
Heap after GC invocations=20 (full 3):
 PSYoungGen      total 456704K, used 18133K [0x00000000d5580000, 0x00000000f8480000, 0x0000000100000000)
  eden space 419840K, 0% used [0x00000000d5580000,0x00000000d5580000,0x00000000eef80000)
  from space 36864K, 49% used [0x00000000eef80000,0x00000000f01355a8,0x00000000f1380000)
  to   space 35328K, 0% used [0x00000000f6200000,0x00000000f6200000,0x00000000f8480000)
 ParOldGen       total 141824K, used 65028K [0x0000000080000000, 0x0000000088a80000, 0x00000000d5580000)
  object space 141824K, 45% used [0x0000000080000000,0x0000000083f81248,0x0000000088a80000)
 Metaspace       used 79059K, capacity 83820K, committed 84120K, reserved 1122304K
  class space    used 10895K, capacity 11831K, committed 11952K, reserved 1048576K
}
Event: 50.746 GC heap before
{Heap before GC invocations=21 (full 3):
 PSYoungGen      total 456704K, used 437973K [0x00000000d5580000, 0x00000000f8480000, 0x0000000100000000)
  eden space 419840K, 100% used [0x00000000d5580000,0x00000000eef80000,0x00000000eef80000)
  from space 36864K, 49% used [0x00000000eef80000,0x00000000f01355a8,0x00000000f1380000)
  to   space 35328K, 0% used [0x00000000f6200000,0x00000000f6200000,0x00000000f8480000)
 ParOldGen       total 141824K, used 65028K [0x0000000080000000, 0x0000000088a80000, 0x00000000d5580000)
  object space 141824K, 45% used [0x0000000080000000,0x0000000083f81248,0x0000000088a80000)
 Metaspace       used 79171K, capacity 83912K, committed 84120K, reserved 1122304K
  class space    used 10905K, capacity 11845K, committed 11952K, reserved 1048576K
Event: 50.782 GC heap after
Heap after GC invocations=21 (full 3):
 PSYoungGen      total 517632K, used 12068K [0x00000000d5580000, 0x00000000f7a00000, 0x0000000100000000)
  eden space 493056K, 0% used [0x00000000d5580000,0x00000000d5580000,0x00000000f3700000)
  from space 24576K, 49% used [0x00000000f6200000,0x00000000f6dc91b0,0x00000000f7a00000)
  to   space 34304K, 0% used [0x00000000f3700000,0x00000000f3700000,0x00000000f5880000)
 ParOldGen       total 141824K, used 66170K [0x0000000080000000, 0x0000000088a80000, 0x00000000d5580000)
  object space 141824K, 46% used [0x0000000080000000,0x000000008409ebf0,0x0000000088a80000)
 Metaspace       used 79171K, capacity 83912K, committed 84120K, reserved 1122304K
  class space    used 10905K, capacity 11845K, committed 11952K, reserved 1048576K
}
Event: 54.877 GC heap before
{Heap before GC invocations=22 (full 3):
 PSYoungGen      total 517632K, used 505124K [0x00000000d5580000, 0x00000000f7a00000, 0x0000000100000000)
  eden space 493056K, 100% used [0x00000000d5580000,0x00000000f3700000,0x00000000f3700000)
  from space 24576K, 49% used [0x00000000f6200000,0x00000000f6dc91b0,0x00000000f7a00000)
  to   space 34304K, 0% used [0x00000000f3700000,0x00000000f3700000,0x00000000f5880000)
 ParOldGen       total 141824K, used 66170K [0x0000000080000000, 0x0000000088a80000, 0x00000000d5580000)
  object space 141824K, 46% used [0x0000000080000000,0x000000008409ebf0,0x0000000088a80000)
 Metaspace       used 79227K, capacity 84004K, committed 84120K, reserved 1122304K
  class space    used 10908K, capacity 11849K, committed 11952K, reserved 1048576K
Event: 55.022 GC heap after
Heap after GC invocations=22 (full 3):
 PSYoungGen      total 527360K, used 34301K [0x00000000d5580000, 0x00000000ff280000, 0x0000000100000000)
  eden space 493056K, 0% used [0x00000000d5580000,0x00000000d5580000,0x00000000f3700000)
  from space 34304K, 99% used [0x00000000f3700000,0x00000000f587f6f0,0x00000000f5880000)
  to   space 49664K, 0% used [0x00000000fc200000,0x00000000fc200000,0x00000000ff280000)
 ParOldGen       total 141824K, used 93687K [0x0000000080000000, 0x0000000088a80000, 0x00000000d5580000)
  object space 141824K, 66% used [0x0000000080000000,0x0000000085b7de30,0x0000000088a80000)
 Metaspace       used 79227K, capacity 84004K, committed 84120K, reserved 1122304K
  class space    used 10908K, capacity 11849K, committed 11952K, reserved 1048576K
}
Event: 59.145 GC heap before
{Heap before GC invocations=23 (full 3):
 PSYoungGen      total 527360K, used 527357K [0x00000000d5580000, 0x00000000ff280000, 0x0000000100000000)
  eden space 493056K, 100% used [0x00000000d5580000,0x00000000f3700000,0x00000000f3700000)
  from space 34304K, 99% used [0x00000000f3700000,0x00000000f587f6f0,0x00000000f5880000)
  to   space 49664K, 0% used [0x00000000fc200000,0x00000000fc200000,0x00000000ff280000)
 ParOldGen       total 141824K, used 93687K [0x0000000080000000, 0x0000000088a80000, 0x00000000d5580000)
  object space 141824K, 66% used [0x0000000080000000,0x0000000085b7de30,0x0000000088a80000)
 Metaspace       used 79282K, capacity 84028K, committed 84376K, reserved 1122304K
  class space    used 10912K, capacity 11853K, committed 11952K, reserved 1048576K
Event: 59.234 GC heap after
Heap after GC invocations=23 (full 3):
 PSYoungGen      total 632832K, used 35343K [0x00000000d5580000, 0x00000000ff580000, 0x0000000100000000)
  eden space 583168K, 0% used [0x00000000d5580000,0x00000000d5580000,0x00000000f8f00000)
  from space 49664K, 71% used [0x00000000fc200000,0x00000000fe483e80,0x00000000ff280000)
  to   space 52224K, 0% used [0x00000000f8f00000,0x00000000f8f00000,0x00000000fc200000)
 ParOldGen       total 141824K, used 95273K [0x0000000080000000, 0x0000000088a80000, 0x00000000d5580000)
  object space 141824K, 67% used [0x0000000080000000,0x0000000085d0a658,0x0000000088a80000)
 Metaspace       used 79282K, capacity 84028K, committed 84376K, reserved 1122304K
  class space    used 10912K, capacity 11853K, committed 11952K, reserved 1048576K
}

