# JRE version: OpenJDK Runtime Environment (8.0_242-b01) (build 1.8.0_242-release-1644-b01)
# Java VM: OpenJDK 64-Bit Server VM (25.242-b01 mixed mode windows-amd64 compressed oops)
Heap:
 PSYoungGen      total 635392K, used 376242K [0x00000000d5580000, 0x00000000ffc00000, 0x0000000100000000)
  eden space 615936K, 57% used [0x00000000d5580000,0x00000000eb1f6228,0x00000000faf00000)
  from space 19456K, 99% used [0x00000000faf00000,0x00000000fc1f6930,0x00000000fc200000)
  to   space 39424K, 0% used [0x00000000fd580000,0x00000000fd580000,0x00000000ffc00000)
 ParOldGen       total 188416K, used 110541K [0x0000000080000000, 0x000000008b800000, 0x00000000d5580000)
  object space 188416K, 58% used [0x0000000080000000,0x0000000086bf3630,0x000000008b800000)
 Metaspace       used 102587K, capacity 107768K, committed 107992K, reserved 1142784K
  class space    used 13444K, capacity 14469K, committed 14592K, reserved 1048576K
GC Heap History (10 events):
Event: 128.084 GC heap before
{Heap before GC invocations=19 (full 3):
 PSYoungGen      total 436736K, used 94922K [0x00000000d5580000, 0x00000000f8e00000, 0x0000000100000000)
  eden space 410624K, 16% used [0x00000000d5580000,0x00000000d98b4ee0,0x00000000ee680000)
  from space 26112K, 99% used [0x00000000ee680000,0x00000000efffdc90,0x00000000f0000000)
  to   space 33792K, 0% used [0x00000000f6d00000,0x00000000f6d00000,0x00000000f8e00000)
 ParOldGen       total 127488K, used 61191K [0x0000000080000000, 0x0000000087c80000, 0x00000000d5580000)
  object space 127488K, 47% used [0x0000000080000000,0x0000000083bc1c98,0x0000000087c80000)
 Metaspace       used 93971K, capacity 98348K, committed 98380K, reserved 1134592K
  class space    used 12369K, capacity 13299K, committed 13312K, reserved 1048576K
Event: 128.157 GC heap after
Heap after GC invocations=19 (full 3):
 PSYoungGen      total 549376K, used 5340K [0x00000000d5580000, 0x00000000f9f80000, 0x0000000100000000)
  eden space 515584K, 0% used [0x00000000d5580000,0x00000000d5580000,0x00000000f4d00000)
  from space 33792K, 15% used [0x00000000f6d00000,0x00000000f7237368,0x00000000f8e00000)
  to   space 32768K, 0% used [0x00000000f4d00000,0x00000000f4d00000,0x00000000f6d00000)
 ParOldGen       total 127488K, used 80553K [0x0000000080000000, 0x0000000087c80000, 0x00000000d5580000)
  object space 127488K, 63% used [0x0000000080000000,0x0000000084eaa7f0,0x0000000087c80000)
 Metaspace       used 93971K, capacity 98348K, committed 98380K, reserved 1134592K
  class space    used 12369K, capacity 13299K, committed 13312K, reserved 1048576K
}
Event: 128.157 GC heap before
{Heap before GC invocations=20 (full 4):
 PSYoungGen      total 549376K, used 5340K [0x00000000d5580000, 0x00000000f9f80000, 0x0000000100000000)
  eden space 515584K, 0% used [0x00000000d5580000,0x00000000d5580000,0x00000000f4d00000)
  from space 33792K, 15% used [0x00000000f6d00000,0x00000000f7237368,0x00000000f8e00000)
  to   space 32768K, 0% used [0x00000000f4d00000,0x00000000f4d00000,0x00000000f6d00000)
 ParOldGen       total 127488K, used 80553K [0x0000000080000000, 0x0000000087c80000, 0x00000000d5580000)
  object space 127488K, 63% used [0x0000000080000000,0x0000000084eaa7f0,0x0000000087c80000)
 Metaspace       used 93971K, capacity 98348K, committed 98380K, reserved 1134592K
  class space    used 12369K, capacity 13299K, committed 13312K, reserved 1048576K
Event: 128.713 GC heap after
Heap after GC invocations=20 (full 4):
 PSYoungGen      total 549376K, used 0K [0x00000000d5580000, 0x00000000f9f80000, 0x0000000100000000)
  eden space 515584K, 0% used [0x00000000d5580000,0x00000000d5580000,0x00000000f4d00000)
  from space 33792K, 0% used [0x00000000f6d00000,0x00000000f6d00000,0x00000000f8e00000)
  to   space 32768K, 0% used [0x00000000f4d00000,0x00000000f4d00000,0x00000000f6d00000)
 ParOldGen       total 188416K, used 63702K [0x0000000080000000, 0x000000008b800000, 0x00000000d5580000)
  object space 188416K, 33% used [0x0000000080000000,0x0000000083e358b8,0x000000008b800000)
 Metaspace       used 93914K, capacity 98184K, committed 98380K, reserved 1134592K
  class space    used 12351K, capacity 13267K, committed 13312K, reserved 1048576K
}
Event: 138.617 GC heap before
{Heap before GC invocations=21 (full 4):
 PSYoungGen      total 549376K, used 515584K [0x00000000d5580000, 0x00000000f9f80000, 0x0000000100000000)
  eden space 515584K, 100% used [0x00000000d5580000,0x00000000f4d00000,0x00000000f4d00000)
  from space 33792K, 0% used [0x00000000f6d00000,0x00000000f6d00000,0x00000000f8e00000)
  to   space 32768K, 0% used [0x00000000f4d00000,0x00000000f4d00000,0x00000000f6d00000)
 ParOldGen       total 188416K, used 63702K [0x0000000080000000, 0x000000008b800000, 0x00000000d5580000)
  object space 188416K, 33% used [0x0000000080000000,0x0000000083e358b8,0x000000008b800000)
 Metaspace       used 101940K, capacity 107116K, committed 107352K, reserved 1142784K
  class space    used 13422K, capacity 14457K, committed 14464K, reserved 1048576K
Event: 138.814 GC heap after
Heap after GC invocations=21 (full 4):
 PSYoungGen      total 548352K, used 32760K [0x00000000d5580000, 0x0000000100000000, 0x0000000100000000)
  eden space 515584K, 0% used [0x00000000d5580000,0x00000000d5580000,0x00000000f4d00000)
  from space 32768K, 99% used [0x00000000f4d00000,0x00000000f6cfe150,0x00000000f6d00000)
  to   space 42496K, 0% used [0x00000000fd680000,0x00000000fd680000,0x0000000100000000)
 ParOldGen       total 188416K, used 75194K [0x0000000080000000, 0x000000008b800000, 0x00000000d5580000)
  object space 188416K, 39% used [0x0000000080000000,0x000000008496e850,0x000000008b800000)
 Metaspace       used 101940K, capacity 107116K, committed 107352K, reserved 1142784K
  class space    used 13422K, capacity 14457K, committed 14464K, reserved 1048576K
}
Event: 143.773 GC heap before
{Heap before GC invocations=22 (full 4):
 PSYoungGen      total 548352K, used 548344K [0x00000000d5580000, 0x0000000100000000, 0x0000000100000000)
  eden space 515584K, 100% used [0x00000000d5580000,0x00000000f4d00000,0x00000000f4d00000)
  from space 32768K, 99% used [0x00000000f4d00000,0x00000000f6cfe150,0x00000000f6d00000)
  to   space 42496K, 0% used [0x00000000fd680000,0x00000000fd680000,0x0000000100000000)
 ParOldGen       total 188416K, used 75194K [0x0000000080000000, 0x000000008b800000, 0x00000000d5580000)
  object space 188416K, 39% used [0x0000000080000000,0x000000008496e850,0x000000008b800000)
 Metaspace       used 102248K, capacity 107472K, committed 107736K, reserved 1142784K
  class space    used 13442K, capacity 14469K, committed 14592K, reserved 1048576K
Event: 143.937 GC heap after
Heap after GC invocations=22 (full 4):
 PSYoungGen      total 658432K, used 16230K [0x00000000d5580000, 0x0000000100000000, 0x0000000100000000)
  eden space 615936K, 0% used [0x00000000d5580000,0x00000000d5580000,0x00000000faf00000)
  from space 42496K, 38% used [0x00000000fd680000,0x00000000fe6599d0,0x0000000100000000)
  to   space 40448K, 0% used [0x00000000faf00000,0x00000000faf00000,0x00000000fd680000)
 ParOldGen       total 188416K, used 102749K [0x0000000080000000, 0x000000008b800000, 0x00000000d5580000)
  object space 188416K, 54% used [0x0000000080000000,0x0000000086457668,0x000000008b800000)
 Metaspace       used 102248K, capacity 107472K, committed 107736K, reserved 1142784K
  class space    used 13442K, capacity 14469K, committed 14592K, reserved 1048576K
}
Event: 149.322 GC heap before
{Heap before GC invocations=23 (full 4):
 PSYoungGen      total 658432K, used 632166K [0x00000000d5580000, 0x0000000100000000, 0x0000000100000000)
  eden space 615936K, 100% used [0x00000000d5580000,0x00000000faf00000,0x00000000faf00000)
  from space 42496K, 38% used [0x00000000fd680000,0x00000000fe6599d0,0x0000000100000000)
  to   space 40448K, 0% used [0x00000000faf00000,0x00000000faf00000,0x00000000fd680000)
 ParOldGen       total 188416K, used 102749K [0x0000000080000000, 0x000000008b800000, 0x00000000d5580000)
  object space 188416K, 54% used [0x0000000080000000,0x0000000086457668,0x000000008b800000)
 Metaspace       used 102362K, capacity 107556K, committed 107736K, reserved 1142784K
  class space    used 13442K, capacity 14469K, committed 14592K, reserved 1048576K
Event: 149.443 GC heap after
Heap after GC invocations=23 (full 4):
 PSYoungGen      total 635392K, used 19418K [0x00000000d5580000, 0x00000000ffc00000, 0x0000000100000000)
  eden space 615936K, 0% used [0x00000000d5580000,0x00000000d5580000,0x00000000faf00000)
  from space 19456K, 99% used [0x00000000faf00000,0x00000000fc1f6930,0x00000000fc200000)
  to   space 39424K, 0% used [0x00000000fd580000,0x00000000fd580000,0x00000000ffc00000)
 ParOldGen       total 188416K, used 110541K [0x0000000080000000, 0x000000008b800000, 0x00000000d5580000)
  object space 188416K, 58% used [0x0000000080000000,0x0000000086bf3630,0x000000008b800000)
 Metaspace       used 102362K, capacity 107556K, committed 107736K, reserved 1142784K
  class space    used 13442K, capacity 14469K, committed 14592K, reserved 1048576K
}

